{"D:\\projects\\reactjs-2019q1\\client\\src\\components\\Button\\Button.js": {"path":"D:\\projects\\reactjs-2019q1\\client\\src\\components\\Button\\Button.js","statementMap":{"0":{"start":{"line":6,"column":15},"end":{"line":28,"column":1}},"1":{"start":{"line":15,"column":24},"end":{"line":18,"column":6}},"2":{"start":{"line":20,"column":4},"end":{"line":27,"column":6}}},"fnMap":{"0":{"name":"(anonymous_0)","decl":{"start":{"line":6,"column":15},"end":{"line":6,"column":16}},"loc":{"start":{"line":14,"column":6},"end":{"line":28,"column":1}},"line":14}},"branchMap":{"0":{"loc":{"start":{"line":7,"column":4},"end":{"line":7,"column":25}},"type":"default-arg","locations":[{"start":{"line":7,"column":14},"end":{"line":7,"column":25}}],"line":7},"1":{"loc":{"start":{"line":8,"column":4},"end":{"line":8,"column":21}},"type":"default-arg","locations":[{"start":{"line":8,"column":12},"end":{"line":8,"column":21}}],"line":8},"2":{"loc":{"start":{"line":9,"column":4},"end":{"line":9,"column":19}},"type":"default-arg","locations":[{"start":{"line":9,"column":11},"end":{"line":9,"column":19}}],"line":9}},"s":{"0":2,"1":4,"2":4},"f":{"0":4},"b":{"0":[1],"1":[1],"2":[3]},"_coverageSchema":"43e27e138ebf9cfc5966b082cf9a028302ed4184","hash":"2ca8d15ebcc8401ee9cc44e702324960bc4d7086"}
,"D:\\projects\\reactjs-2019q1\\client\\src\\components\\ErrorBoundary\\ErrorBoundary.js": {"path":"D:\\projects\\reactjs-2019q1\\client\\src\\components\\ErrorBoundary\\ErrorBoundary.js","statementMap":{"0":{"start":{"line":11,"column":8},"end":{"line":15,"column":11}},"1":{"start":{"line":19,"column":8},"end":{"line":21,"column":9}},"2":{"start":{"line":20,"column":12},"end":{"line":20,"column":77}},"3":{"start":{"line":23,"column":8},"end":{"line":23,"column":35}}},"fnMap":{"0":{"name":"(anonymous_0)","decl":{"start":{"line":10,"column":4},"end":{"line":10,"column":5}},"loc":{"start":{"line":10,"column":40},"end":{"line":16,"column":5}},"line":10},"1":{"name":"(anonymous_1)","decl":{"start":{"line":18,"column":4},"end":{"line":18,"column":5}},"loc":{"start":{"line":18,"column":13},"end":{"line":24,"column":5}},"line":18}},"branchMap":{"0":{"loc":{"start":{"line":19,"column":8},"end":{"line":21,"column":9}},"type":"if","locations":[{"start":{"line":19,"column":8},"end":{"line":21,"column":9}},{"start":{"line":19,"column":8},"end":{"line":21,"column":9}}],"line":19}},"s":{"0":1,"1":3,"2":1,"3":2},"f":{"0":1,"1":3},"b":{"0":[1,2]},"_coverageSchema":"43e27e138ebf9cfc5966b082cf9a028302ed4184","hash":"2e5f91eee85ad3b114c2d440e84f7362fe7864c2"}
,"D:\\projects\\reactjs-2019q1\\client\\src\\components\\Footer\\Footer.js": {"path":"D:\\projects\\reactjs-2019q1\\client\\src\\components\\Footer\\Footer.js","statementMap":{"0":{"start":{"line":5,"column":15},"end":{"line":9,"column":1}},"1":{"start":{"line":6,"column":4},"end":{"line":8,"column":13}}},"fnMap":{"0":{"name":"(anonymous_0)","decl":{"start":{"line":5,"column":15},"end":{"line":5,"column":16}},"loc":{"start":{"line":6,"column":4},"end":{"line":8,"column":13}},"line":6}},"branchMap":{},"s":{"0":1,"1":3},"f":{"0":3},"b":{},"_coverageSchema":"43e27e138ebf9cfc5966b082cf9a028302ed4184","hash":"903beba1b4df1bba3be12fa748879180c478eef1"}
,"D:\\projects\\reactjs-2019q1\\client\\src\\components\\Header\\Header.js": {"path":"D:\\projects\\reactjs-2019q1\\client\\src\\components\\Header\\Header.js","statementMap":{"0":{"start":{"line":6,"column":15},"end":{"line":11,"column":1}},"1":{"start":{"line":7,"column":4},"end":{"line":10,"column":13}}},"fnMap":{"0":{"name":"(anonymous_0)","decl":{"start":{"line":6,"column":15},"end":{"line":6,"column":16}},"loc":{"start":{"line":7,"column":4},"end":{"line":10,"column":13}},"line":7}},"branchMap":{},"s":{"0":1,"1":3},"f":{"0":3},"b":{},"_coverageSchema":"43e27e138ebf9cfc5966b082cf9a028302ed4184","hash":"b970100057f7ac77f5da60ffa01e2e1ea38e7873"}
,"D:\\projects\\reactjs-2019q1\\client\\src\\utils\\date.js": {"path":"D:\\projects\\reactjs-2019q1\\client\\src\\utils\\date.js","statementMap":{"0":{"start":{"line":6,"column":20},"end":{"line":6,"column":56}},"1":{"start":{"line":6,"column":28},"end":{"line":6,"column":56}}},"fnMap":{"0":{"name":"(anonymous_0)","decl":{"start":{"line":6,"column":20},"end":{"line":6,"column":21}},"loc":{"start":{"line":6,"column":28},"end":{"line":6,"column":56}},"line":6}},"branchMap":{},"s":{"0":1,"1":1},"f":{"0":1},"b":{},"_coverageSchema":"43e27e138ebf9cfc5966b082cf9a028302ed4184","hash":"de99b07af9997d8f42b40fecf4c87c23be792b8e"}
}
