{"D:\\projects\\reactjs-2019q1\\client\\src\\components\\Button\\Button.js": {"path":"D:\\projects\\reactjs-2019q1\\client\\src\\components\\Button\\Button.js","statementMap":{"0":{"start":{"line":6,"column":15},"end":{"line":28,"column":1}},"1":{"start":{"line":15,"column":24},"end":{"line":18,"column":6}},"2":{"start":{"line":20,"column":4},"end":{"line":27,"column":6}}},"fnMap":{"0":{"name":"(anonymous_0)","decl":{"start":{"line":6,"column":15},"end":{"line":6,"column":16}},"loc":{"start":{"line":14,"column":6},"end":{"line":28,"column":1}},"line":14}},"branchMap":{"0":{"loc":{"start":{"line":7,"column":4},"end":{"line":7,"column":25}},"type":"default-arg","locations":[{"start":{"line":7,"column":14},"end":{"line":7,"column":25}}],"line":7},"1":{"loc":{"start":{"line":8,"column":4},"end":{"line":8,"column":21}},"type":"default-arg","locations":[{"start":{"line":8,"column":12},"end":{"line":8,"column":21}}],"line":8},"2":{"loc":{"start":{"line":9,"column":4},"end":{"line":9,"column":19}},"type":"default-arg","locations":[{"start":{"line":9,"column":11},"end":{"line":9,"column":19}}],"line":9}},"s":{"0":4,"1":27,"2":27},"f":{"0":27},"b":{"0":[26],"1":[2],"2":[10]},"_coverageSchema":"43e27e138ebf9cfc5966b082cf9a028302ed4184","hash":"2ca8d15ebcc8401ee9cc44e702324960bc4d7086"}
,"D:\\projects\\reactjs-2019q1\\client\\src\\components\\ErrorBoundary\\ErrorBoundary.js": {"path":"D:\\projects\\reactjs-2019q1\\client\\src\\components\\ErrorBoundary\\ErrorBoundary.js","statementMap":{"0":{"start":{"line":11,"column":8},"end":{"line":15,"column":11}},"1":{"start":{"line":19,"column":8},"end":{"line":21,"column":9}},"2":{"start":{"line":20,"column":12},"end":{"line":20,"column":77}},"3":{"start":{"line":23,"column":8},"end":{"line":23,"column":35}}},"fnMap":{"0":{"name":"(anonymous_0)","decl":{"start":{"line":10,"column":4},"end":{"line":10,"column":5}},"loc":{"start":{"line":10,"column":40},"end":{"line":16,"column":5}},"line":10},"1":{"name":"(anonymous_1)","decl":{"start":{"line":18,"column":4},"end":{"line":18,"column":5}},"loc":{"start":{"line":18,"column":13},"end":{"line":24,"column":5}},"line":18}},"branchMap":{"0":{"loc":{"start":{"line":19,"column":8},"end":{"line":21,"column":9}},"type":"if","locations":[{"start":{"line":19,"column":8},"end":{"line":21,"column":9}},{"start":{"line":19,"column":8},"end":{"line":21,"column":9}}],"line":19}},"s":{"0":1,"1":3,"2":1,"3":2},"f":{"0":1,"1":3},"b":{"0":[1,2]},"_coverageSchema":"43e27e138ebf9cfc5966b082cf9a028302ed4184","hash":"2e5f91eee85ad3b114c2d440e84f7362fe7864c2"}
,"D:\\projects\\reactjs-2019q1\\client\\src\\components\\Footer\\Footer.js": {"path":"D:\\projects\\reactjs-2019q1\\client\\src\\components\\Footer\\Footer.js","statementMap":{"0":{"start":{"line":5,"column":15},"end":{"line":9,"column":1}},"1":{"start":{"line":6,"column":4},"end":{"line":8,"column":13}}},"fnMap":{"0":{"name":"(anonymous_0)","decl":{"start":{"line":5,"column":15},"end":{"line":5,"column":16}},"loc":{"start":{"line":6,"column":4},"end":{"line":8,"column":13}},"line":6}},"branchMap":{},"s":{"0":1,"1":2},"f":{"0":2},"b":{},"_coverageSchema":"43e27e138ebf9cfc5966b082cf9a028302ed4184","hash":"903beba1b4df1bba3be12fa748879180c478eef1"}
,"D:\\projects\\reactjs-2019q1\\client\\src\\components\\Header\\header.js": {"path":"D:\\projects\\reactjs-2019q1\\client\\src\\components\\Header\\header.js","statementMap":{"0":{"start":{"line":6,"column":15},"end":{"line":11,"column":1}},"1":{"start":{"line":7,"column":4},"end":{"line":10,"column":13}}},"fnMap":{"0":{"name":"(anonymous_0)","decl":{"start":{"line":6,"column":15},"end":{"line":6,"column":16}},"loc":{"start":{"line":7,"column":4},"end":{"line":10,"column":13}},"line":7}},"branchMap":{},"s":{"0":1,"1":1},"f":{"0":1},"b":{},"_coverageSchema":"43e27e138ebf9cfc5966b082cf9a028302ed4184","hash":"96bf816eb59f272269fc91f8c3c0d6ec262e6f01"}
,"D:\\projects\\reactjs-2019q1\\client\\src\\components\\HeaderFilter\\HeaderFilter.js": {"path":"D:\\projects\\reactjs-2019q1\\client\\src\\components\\HeaderFilter\\HeaderFilter.js","statementMap":{"0":{"start":{"line":15,"column":8},"end":{"line":17,"column":11}},"1":{"start":{"line":22,"column":8},"end":{"line":24,"column":11}},"2":{"start":{"line":28,"column":29},"end":{"line":28,"column":51}},"3":{"start":{"line":31,"column":27},"end":{"line":31,"column":37}},"4":{"start":{"line":33,"column":8},"end":{"line":67,"column":9}}},"fnMap":{"0":{"name":"(anonymous_0)","decl":{"start":{"line":14,"column":21},"end":{"line":14,"column":22}},"loc":{"start":{"line":14,"column":27},"end":{"line":18,"column":5}},"line":14},"1":{"name":"(anonymous_1)","decl":{"start":{"line":21,"column":24},"end":{"line":21,"column":25}},"loc":{"start":{"line":21,"column":30},"end":{"line":25,"column":5}},"line":21},"2":{"name":"(anonymous_2)","decl":{"start":{"line":28,"column":22},"end":{"line":28,"column":23}},"loc":{"start":{"line":28,"column":28},"end":{"line":28,"column":52}},"line":28},"3":{"name":"(anonymous_3)","decl":{"start":{"line":30,"column":4},"end":{"line":30,"column":5}},"loc":{"start":{"line":30,"column":13},"end":{"line":68,"column":5}},"line":30}},"branchMap":{"0":{"loc":{"start":{"line":49,"column":35},"end":{"line":49,"column":87}},"type":"cond-expr","locations":[{"start":{"line":49,"column":66},"end":{"line":49,"column":77}},{"start":{"line":49,"column":80},"end":{"line":49,"column":87}}],"line":49},"1":{"loc":{"start":{"line":56,"column":35},"end":{"line":56,"column":87}},"type":"cond-expr","locations":[{"start":{"line":56,"column":66},"end":{"line":56,"column":77}},{"start":{"line":56,"column":80},"end":{"line":56,"column":87}}],"line":56}},"s":{"0":2,"1":1,"2":0,"3":9,"4":9},"f":{"0":2,"1":1,"2":0,"3":9},"b":{"0":[1,8],"1":[0,9]},"_coverageSchema":"43e27e138ebf9cfc5966b082cf9a028302ed4184","hash":"ea2ba1d4c1a7aafd77eb1e1f3c4e76ab36f7ffab"}
,"D:\\projects\\reactjs-2019q1\\client\\src\\components\\Input\\input.js": {"path":"D:\\projects\\reactjs-2019q1\\client\\src\\components\\Input\\input.js","statementMap":{"0":{"start":{"line":5,"column":14},"end":{"line":22,"column":1}},"1":{"start":{"line":6,"column":30},"end":{"line":6,"column":35}},"2":{"start":{"line":8,"column":4},"end":{"line":21,"column":5}}},"fnMap":{"0":{"name":"(anonymous_0)","decl":{"start":{"line":5,"column":14},"end":{"line":5,"column":15}},"loc":{"start":{"line":5,"column":23},"end":{"line":22,"column":1}},"line":5}},"branchMap":{"0":{"loc":{"start":{"line":10,"column":13},"end":{"line":15,"column":20}},"type":"binary-expr","locations":[{"start":{"line":10,"column":13},"end":{"line":10,"column":24}},{"start":{"line":11,"column":12},"end":{"line":15,"column":20}}],"line":10}},"s":{"0":2,"1":10,"2":10},"f":{"0":10},"b":{"0":[10,0]},"_coverageSchema":"43e27e138ebf9cfc5966b082cf9a028302ed4184","hash":"37c9c94496fb1e4ce7441f7e86abeeb486c9050f"}
,"D:\\projects\\reactjs-2019q1\\client\\src\\components\\MovieDetails\\MovieDetails.js": {"path":"D:\\projects\\reactjs-2019q1\\client\\src\\components\\MovieDetails\\MovieDetails.js","statementMap":{"0":{"start":{"line":7,"column":21},"end":{"line":31,"column":1}},"1":{"start":{"line":15,"column":4},"end":{"line":30,"column":10}}},"fnMap":{"0":{"name":"(anonymous_0)","decl":{"start":{"line":7,"column":21},"end":{"line":7,"column":22}},"loc":{"start":{"line":15,"column":4},"end":{"line":30,"column":10}},"line":15}},"branchMap":{},"s":{"0":1,"1":1},"f":{"0":1},"b":{},"_coverageSchema":"43e27e138ebf9cfc5966b082cf9a028302ed4184","hash":"edc9c5fc0fc8906d940b794138e514290654867a"}
,"D:\\projects\\reactjs-2019q1\\client\\src\\components\\MoviesList\\MoviesList.js": {"path":"D:\\projects\\reactjs-2019q1\\client\\src\\components\\MoviesList\\MoviesList.js","statementMap":{"0":{"start":{"line":8,"column":8},"end":{"line":12,"column":10}},"1":{"start":{"line":10,"column":48},"end":{"line":10,"column":90}}},"fnMap":{"0":{"name":"(anonymous_0)","decl":{"start":{"line":7,"column":4},"end":{"line":7,"column":5}},"loc":{"start":{"line":7,"column":13},"end":{"line":13,"column":5}},"line":7},"1":{"name":"(anonymous_1)","decl":{"start":{"line":10,"column":39},"end":{"line":10,"column":40}},"loc":{"start":{"line":10,"column":48},"end":{"line":10,"column":90}},"line":10}},"branchMap":{},"s":{"0":2,"1":20},"f":{"0":2,"1":20},"b":{},"_coverageSchema":"43e27e138ebf9cfc5966b082cf9a028302ed4184","hash":"2c2cf67b0967672b9581a642f10b57dbaac0cc78"}
,"D:\\projects\\reactjs-2019q1\\client\\src\\components\\MoviesListCard\\MoviesListCard.js": {"path":"D:\\projects\\reactjs-2019q1\\client\\src\\components\\MoviesListCard\\MoviesListCard.js","statementMap":{"0":{"start":{"line":7,"column":23},"end":{"line":29,"column":1}},"1":{"start":{"line":13,"column":4},"end":{"line":28,"column":10}}},"fnMap":{"0":{"name":"(anonymous_0)","decl":{"start":{"line":7,"column":23},"end":{"line":7,"column":24}},"loc":{"start":{"line":13,"column":4},"end":{"line":28,"column":10}},"line":13}},"branchMap":{},"s":{"0":2,"1":11},"f":{"0":11},"b":{},"_coverageSchema":"43e27e138ebf9cfc5966b082cf9a028302ed4184","hash":"e34ba15a1ae54ba4d88b15c9e20b1e09eb7156de"}
,"D:\\projects\\reactjs-2019q1\\client\\src\\components\\PagePlaceholder\\PagePlaceholder.js": {"path":"D:\\projects\\reactjs-2019q1\\client\\src\\components\\PagePlaceholder\\PagePlaceholder.js","statementMap":{"0":{"start":{"line":3,"column":24},"end":{"line":7,"column":1}},"1":{"start":{"line":4,"column":4},"end":{"line":6,"column":10}}},"fnMap":{"0":{"name":"(anonymous_0)","decl":{"start":{"line":3,"column":24},"end":{"line":3,"column":25}},"loc":{"start":{"line":4,"column":4},"end":{"line":6,"column":10}},"line":4}},"branchMap":{},"s":{"0":1,"1":1},"f":{"0":1},"b":{},"_coverageSchema":"43e27e138ebf9cfc5966b082cf9a028302ed4184","hash":"2b1003e44a354d79994cdfa78146fb8069845322"}
,"D:\\projects\\reactjs-2019q1\\client\\src\\components\\SortControls\\SortControls.js": {"path":"D:\\projects\\reactjs-2019q1\\client\\src\\components\\SortControls\\SortControls.js","statementMap":{"0":{"start":{"line":6,"column":21},"end":{"line":24,"column":1}},"1":{"start":{"line":7,"column":4},"end":{"line":23,"column":10}}},"fnMap":{"0":{"name":"(anonymous_0)","decl":{"start":{"line":6,"column":21},"end":{"line":6,"column":22}},"loc":{"start":{"line":7,"column":4},"end":{"line":23,"column":10}},"line":7}},"branchMap":{},"s":{"0":1,"1":1},"f":{"0":1},"b":{},"_coverageSchema":"43e27e138ebf9cfc5966b082cf9a028302ed4184","hash":"cf086ec880c4d969caf0335f20805e8c56b352c7"}
,"D:\\projects\\reactjs-2019q1\\client\\src\\utils\\date.js": {"path":"D:\\projects\\reactjs-2019q1\\client\\src\\utils\\date.js","statementMap":{"0":{"start":{"line":6,"column":20},"end":{"line":6,"column":56}},"1":{"start":{"line":6,"column":28},"end":{"line":6,"column":56}}},"fnMap":{"0":{"name":"(anonymous_0)","decl":{"start":{"line":6,"column":20},"end":{"line":6,"column":21}},"loc":{"start":{"line":6,"column":28},"end":{"line":6,"column":56}},"line":6}},"branchMap":{},"s":{"0":4,"1":13},"f":{"0":13},"b":{},"_coverageSchema":"43e27e138ebf9cfc5966b082cf9a028302ed4184","hash":"de99b07af9997d8f42b40fecf4c87c23be792b8e"}
}
